05-28-2018 @ 01:40:54 - Array
(
    [mc_gross] => 419.94
    [invoice] => 1251
    [protection_eligibility] => Eligible
    [address_status] => confirmed
    [item_number1] => 
    [tax] => 0.00
    [item_number2] => 
    [payer_id] => 434YJZZMG88LJ
    [item_number3] => 
    [address_street] => 25 Watline Avenue, Suite 302
    [payment_date] => 02:40:43 May 28, 2018 PDT
    [payment_status] => Completed
    [charset] => windows-1252
    [address_zip] => L4Z 2Z1
    [mc_shipping] => 0.00
    [mc_handling] => 0.00
    [first_name] => Ranjana
    [mc_fee] => 12.48
    [address_country_code] => CA
    [address_name] => Ranjana Sharma
    [notify_version] => 3.9
    [custom] => 
    [payer_status] => unverified
    [business] => kinextest4@gmail.com
    [address_country] => Canada
    [num_cart_items] => 3
    [address_city] => Mississauga
    [verify_sign] => AUK9wrtQWuNVERgZdsILxXQAJRGVAsKhbCOVUa1.Eztt7roRfXIDkNos
    [payer_email] => sharmaranjana42@gmail.com
    [tax1] => 0.00
    [tax2] => 0.00
    [tax3] => 0.00
    [txn_id] => 1WH62823J6119841J
    [payment_type] => instant
    [last_name] => Sharma
    [address_state] => ON
    [item_name1] => Air Optix 6 Pack
    [receiver_email] => kinextest4@gmail.com
    [item_name2] => Dailies Total 1 Multifocal
    [payment_fee] => 
    [item_name3] => Biofinity 6 Pack
    [quantity1] => 2
    [quantity2] => 2
    [receiver_id] => J584GD4NWX98Y
    [quantity3] => 2
    [txn_type] => cart
    [mc_gross_1] => 89.98
    [mc_currency] => CAD
    [mc_gross_2] => 249.98
    [mc_gross_3] => 79.98
    [residence_country] => CA
    [test_ipn] => 1
    [transaction_subject] => 
    [payment_gross] => 
    [ipn_track_id] => 610f3f96784a
    [IPN_status] => Verified
)

