2017-09-05T09:49:35+00:00 INFO Queuing 3.1.2 - wc_update_312_shop_manager_capabilities
2017-09-05T09:49:35+00:00 INFO Queuing 3.1.2 - wc_update_312_db_version
2017-09-05T09:49:36+00:00 INFO Running wc_update_312_shop_manager_capabilities callback
2017-09-05T09:49:36+00:00 INFO Finished wc_update_312_shop_manager_capabilities callback
2017-09-05T09:49:36+00:00 INFO Running wc_update_312_db_version callback
2017-09-05T09:49:36+00:00 INFO Finished wc_update_312_db_version callback
2017-09-05T09:49:36+00:00 INFO Data update complete
2017-09-05T10:33:59+00:00 INFO Queuing 3.1.2 - wc_update_312_shop_manager_capabilities
2017-09-05T10:33:59+00:00 INFO Queuing 3.1.2 - wc_update_312_db_version
2017-09-05T10:34:17+00:00 INFO Queuing 3.1.2 - wc_update_312_shop_manager_capabilities
2017-09-05T10:34:17+00:00 INFO Queuing 3.1.2 - wc_update_312_db_version
2017-09-05T10:38:04+00:00 INFO Queuing 3.1.2 - wc_update_312_shop_manager_capabilities
2017-09-05T10:38:04+00:00 INFO Queuing 3.1.2 - wc_update_312_db_version
2017-09-05T11:03:45+00:00 INFO Queuing 3.1.2 - wc_update_312_shop_manager_capabilities
2017-09-05T11:03:45+00:00 INFO Queuing 3.1.2 - wc_update_312_db_version
2017-09-05T11:03:45+00:00 INFO Running wc_update_312_shop_manager_capabilities callback
2017-09-05T11:03:45+00:00 INFO Finished wc_update_312_shop_manager_capabilities callback
2017-09-05T11:03:45+00:00 INFO Running wc_update_312_db_version callback
2017-09-05T11:03:45+00:00 INFO Finished wc_update_312_db_version callback
2017-09-05T11:03:45+00:00 INFO Data update complete
